<?xml version="1.0" encoding="UTF-8"?>
<!-- Generated by org.testng.reporters.JUnitReportReporter -->
<testsuite skipped="0" hostname="CDC2-D-CHMPXJ2" name="tests.Logintestcase" tests="1" failures="0" timestamp="2019-10-15T14:15:55 IST" time="18.115" errors="0">
  <testcase name="initBrowser" time="18.115" classname="tests.Logintestcase"/>
</testsuite> <!-- tests.Logintestcase -->
