<?xml version="1.0" encoding="UTF-8"?>
<!-- Generated by org.testng.reporters.JUnitReportReporter -->
<testsuite skipped="0" hostname="CDC2-D-CHMPXJ2" name="demo.Ddt" tests="1" failures="0" timestamp="2019-10-15T10:42:12 IST" time="1.456" errors="0">
  <testcase name="readdata" time="1.456" classname="demo.Ddt"/>
</testsuite> <!-- demo.Ddt -->
